<?xml version="1.0" encoding="UTF-8"?>
<testsuite xmlns:xsi="http://www.w3.org/2001/XMLSchema-instance" xsi:noNamespaceSchemaLocation="https://maven.apache.org/surefire/maven-surefire-plugin/xsd/surefire-test-report-3.0.xsd" version="3.0" name="com.agri.dashboard.controller.AgriControllerIntegrationTest" time="8.86" tests="5" errors="0" skipped="0" failures="0">
  <properties>
[...]
</properties>
  <testcase name="yieldsEndpointReturnsJsonArray" classname="com.agri.dashboard.controller.AgriControllerIntegrationTest" time="1.101">
    <system-out><![CDATA[05:56:51.023 [main] INFO org.springframework.test.context.support.AnnotationConfigContextLoaderUtils -- Could not detect default configuration classes for test class [com.agri.dashboard.controller.AgriControllerIntegrationTest]: AgriControllerIntegrationTest does not declare any static, non-private, non-final, nested classes annotated with @Configuration.
05:56:51.125 [main] INFO org.springframework.boot.test.context.SpringBootTestContextBootstrapper -- Found @SpringBootConfiguration com.agri.dashboard.AgriDashboardApplication for test class com.agri.dashboard.controller.AgriControllerIntegrationTest
05:56:51.343 [main] INFO org.springframework.boot.devtools.restart.RestartApplicationListener -- Restart disabled due to context in which it is running

  .   ____          _            __ _ _
 /\\ / ___'_ __ _ _(_)_ __  __ _ \ \ \ \
( ( )\___ | '_ | '_| | '_ \/ _` | \ \ \ \
 \\/  ___)| |_)| | | | | || (_| |  ) ) ) )
  '  |____| .__|_| |_|_| |_\__, | / / / /
 =========|_|==============|___/=/_/_/_/
 :: Spring Boot ::                (v3.2.5)

2026-04-04T05:56:52.017Z  INFO 25574 --- [           main] c.a.d.c.AgriControllerIntegrationTest    : Starting AgriControllerIntegrationTest using Java 21.0.10 with PID 25574 (started by priyan in /home/priyan/Devops/agri-dashboard/backend/agri-backend)
2026-04-04T05:56:52.019Z DEBUG 25574 --- [           main] c.a.d.c.AgriControllerIntegrationTest    : Running with Spring Boot v3.2.5, Spring v6.1.6
2026-04-04T05:56:52.020Z  INFO 25574 --- [           main] c.a.d.c.AgriControllerIntegrationTest    : No active profile set, falling back to 1 default profile: "default"
2026-04-04T05:56:53.278Z  INFO 25574 --- [           main] .s.d.r.c.RepositoryConfigurationDelegate : Bootstrapping Spring Data JPA repositories in DEFAULT mode.
2026-04-04T05:56:53.348Z  INFO 25574 --- [           main] .s.d.r.c.RepositoryConfigurationDelegate : Finished Spring Data repository scanning in 61 ms. Found 3 JPA repository interfaces.
2026-04-04T05:56:54.043Z  INFO 25574 --- [           main] o.hibernate.jpa.internal.util.LogHelper  : HHH000204: Processing PersistenceUnitInfo [name: default]
2026-04-04T05:56:54.109Z  INFO 25574 --- [           main] org.hibernate.Version                    : HHH000412: Hibernate ORM core version 6.4.4.Final
2026-04-04T05:56:54.149Z  INFO 25574 --- [           main] o.h.c.internal.RegionFactoryInitiator    : HHH000026: Second-level cache disabled
2026-04-04T05:56:54.530Z  INFO 25574 --- [           main] o.s.o.j.p.SpringPersistenceUnitInfo      : No LoadTimeWeaver setup: ignoring JPA class transformer
2026-04-04T05:56:54.590Z  INFO 25574 --- [           main] com.zaxxer.hikari.HikariDataSource       : HikariPool-1 - Starting...
2026-04-04T05:56:55.038Z  INFO 25574 --- [           main] com.zaxxer.hikari.pool.HikariPool        : HikariPool-1 - Added connection conn0: url=jdbc:h2:mem:testdb user=SA
2026-04-04T05:56:55.042Z  INFO 25574 --- [           main] com.zaxxer.hikari.HikariDataSource       : HikariPool-1 - Start completed.
2026-04-04T05:56:55.086Z  WARN 25574 --- [           main] org.hibernate.dialect.Dialect            : HHH000511: The 2.2.0 version for [org.hibernate.dialect.PostgreSQLDialect] is no longer supported, hence certain features may not work properly. The minimum supported version is 12.0.0. Check the community dialects project for available legacy versions.
2026-04-04T05:56:55.095Z  WARN 25574 --- [           main] org.hibernate.orm.deprecation            : HHH90000025: PostgreSQLDialect does not need to be specified explicitly using 'hibernate.dialect' (remove the property setting and it will be selected by default)
2026-04-04T05:56:56.296Z  INFO 25574 --- [           main] o.h.e.t.j.p.i.JtaPlatformInitiator       : HHH000489: No JTA platform available (set 'hibernate.transaction.jta.platform' to enable JTA platform integration)
2026-04-04T05:56:56.309Z DEBUG 25574 --- [           main] org.hibernate.SQL                        : 
    drop table if exists crop_yields cascade
Hibernate: 
    drop table if exists crop_yields cascade
2026-04-04T05:56:56.313Z DEBUG 25574 --- [           main] org.hibernate.SQL                        : 
    drop table if exists domestic_consumption cascade
Hibernate: 
    drop table if exists domestic_consumption cascade
2026-04-04T05:56:56.313Z DEBUG 25574 --- [           main] org.hibernate.SQL                        : 
    drop table if exists ethanol_targets cascade
Hibernate: 
    drop table if exists ethanol_targets cascade
2026-04-04T05:56:56.318Z DEBUG 25574 --- [           main] org.hibernate.SQL                        : 
    create table crop_yields (
        "year" integer not null check ("year">=2000),
        yield_amount float(53) not null,
        id bigserial not null,
        crop_name varchar(100) not null,
        region varchar(100) not null,
        primary key (id)
    )
Hibernate: 
    create table crop_yields (
        "year" integer not null check ("year">=2000),
        yield_amount float(53) not null,
        id bigserial not null,
        crop_name varchar(100) not null,
        region varchar(100) not null,
        primary key (id)
    )
2026-04-04T05:56:56.361Z DEBUG 25574 --- [           main] org.hibernate.SQL                        : 
    create table domestic_consumption (
        consumption_amount float(53) not null,
        "year" integer not null check ("year">=2000),
        id bigserial not null,
        crop_name varchar(100) not null,
        region varchar(100) not null,
        primary key (id)
    )
Hibernate: 
    create table domestic_consumption (
        consumption_amount float(53) not null,
        "year" integer not null check ("year">=2000),
        id bigserial not null,
        crop_name varchar(100) not null,
        region varchar(100) not null,
        primary key (id)
    )
2026-04-04T05:56:56.367Z DEBUG 25574 --- [           main] org.hibernate.SQL                        : 
    create table ethanol_targets (
        achieved_blending_percentage float(53) not null,
        target_blending_percentage float(53) not null,
        "year" integer not null unique check ("year">=2000),
        id bigserial not null,
        primary key (id)
    )
Hibernate: 
    create table ethanol_targets (
        achieved_blending_percentage float(53) not null,
        target_blending_percentage float(53) not null,
        "year" integer not null unique check ("year">=2000),
        id bigserial not null,
        primary key (id)
    )
2026-04-04T05:56:56.374Z  INFO 25574 --- [           main] j.LocalContainerEntityManagerFactoryBean : Initialized JPA EntityManagerFactory for persistence unit 'default'
2026-04-04T05:56:56.660Z  INFO 25574 --- [           main] o.s.d.j.r.query.QueryEnhancerFactory     : Hibernate is in classpath; If applicable, HQL parser will be used.
2026-04-04T05:56:58.373Z  INFO 25574 --- [           main] o.s.b.t.m.w.SpringBootMockServletContext : Initializing Spring TestDispatcherServlet ''
2026-04-04T05:56:58.374Z  INFO 25574 --- [           main] o.s.t.web.servlet.TestDispatcherServlet  : Initializing Servlet ''
2026-04-04T05:56:58.378Z  INFO 25574 --- [           main] o.s.t.web.servlet.TestDispatcherServlet  : Completed initialization in 2 ms
2026-04-04T05:56:58.436Z  INFO 25574 --- [           main] c.a.d.c.AgriControllerIntegrationTest    : Started AgriControllerIntegrationTest in 7.114 seconds (process running for 8.213)
2026-04-04T05:56:59.248Z  INFO 25574 --- [           main] c.a.dashboard.controller.AgriController  : GET /api/yields | crop=null year=null region=null
2026-04-04T05:56:59.256Z DEBUG 25574 --- [           main] c.a.dashboard.service.CropYieldService   : Fetching all crop yield records
2026-04-04T05:56:59.322Z DEBUG 25574 --- [           main] org.hibernate.SQL                        : 
    select
        cy1_0.id,
        cy1_0.crop_name,
        cy1_0.region,
        cy1_0."year",
        cy1_0.yield_amount 
    from
        crop_yields cy1_0
Hibernate: 
    select
        cy1_0.id,
        cy1_0.crop_name,
        cy1_0.region,
        cy1_0."year",
        cy1_0.yield_amount 
    from
        crop_yields cy1_0
]]></system-out>
    <system-err><![CDATA[WARNING: A Java agent has been loaded dynamically (/home/priyan/.m2/repository/net/bytebuddy/byte-buddy-agent/1.14.13/byte-buddy-agent-1.14.13.jar)
WARNING: If a serviceability tool is in use, please run with -XX:+EnableDynamicAgentLoading to hide this warning
WARNING: If a serviceability tool is not in use, please run with -Djdk.instrument.traceUsage for more information
WARNING: Dynamic loading of agents will be disallowed by default in a future release
]]></system-err>
  </testcase>
  <testcase name="consumptionEndpointReturnsJsonArray" classname="com.agri.dashboard.controller.AgriControllerIntegrationTest" time="0.03">
    <system-out><![CDATA[2026-04-04T05:56:59.581Z  INFO 25574 --- [           main] c.a.dashboard.controller.AgriController  : GET /api/consumption | crop=null year=null region=null
2026-04-04T05:56:59.581Z DEBUG 25574 --- [           main] c.a.d.s.DomesticConsumptionService       : Fetching all domestic consumption records
2026-04-04T05:56:59.583Z DEBUG 25574 --- [           main] org.hibernate.SQL                        : 
    select
        dc1_0.id,
        dc1_0.consumption_amount,
        dc1_0.crop_name,
        dc1_0.region,
        dc1_0."year" 
    from
        domestic_consumption dc1_0
Hibernate: 
    select
        dc1_0.id,
        dc1_0.consumption_amount,
        dc1_0.crop_name,
        dc1_0.region,
        dc1_0."year" 
    from
        domestic_consumption dc1_0
]]></system-out>
  </testcase>
  <testcase name="healthEndpointReturns200" classname="com.agri.dashboard.controller.AgriControllerIntegrationTest" time="0.012">
    <system-out><![CDATA[2026-04-04T05:56:59.615Z DEBUG 25574 --- [           main] c.a.dashboard.controller.AgriController  : Health check hit
]]></system-out>
  </testcase>
  <testcase name="yieldsFilterByCropReturnsArray" classname="com.agri.dashboard.controller.AgriControllerIntegrationTest" time="0.048">
    <system-out><![CDATA[2026-04-04T05:56:59.647Z  INFO 25574 --- [           main] c.a.dashboard.controller.AgriController  : GET /api/yields | crop=Sugarcane year=null region=null
2026-04-04T05:56:59.648Z DEBUG 25574 --- [           main] c.a.dashboard.service.CropYieldService   : Fetching yields for crop: Sugarcane
2026-04-04T05:56:59.668Z DEBUG 25574 --- [           main] org.hibernate.SQL                        : 
    select
        cy1_0.id,
        cy1_0.crop_name,
        cy1_0.region,
        cy1_0."year",
        cy1_0.yield_amount 
    from
        crop_yields cy1_0 
    where
        upper(cy1_0.crop_name)=upper(?)
Hibernate: 
    select
        cy1_0.id,
        cy1_0.crop_name,
        cy1_0.region,
        cy1_0."year",
        cy1_0.yield_amount 
    from
        crop_yields cy1_0 
    where
        upper(cy1_0.crop_name)=upper(?)
]]></system-out>
  </testcase>
  <testcase name="ethanolTargetsEndpointReturnsJsonArray" classname="com.agri.dashboard.controller.AgriControllerIntegrationTest" time="0.009">
    <system-out><![CDATA[2026-04-04T05:56:59.678Z  INFO 25574 --- [           main] c.a.dashboard.controller.AgriController  : GET /api/ethanol-targets | fromYear=null toYear=null
2026-04-04T05:56:59.678Z DEBUG 25574 --- [           main] c.a.d.service.EthanolTargetService       : Fetching all ethanol target records
2026-04-04T05:56:59.680Z DEBUG 25574 --- [           main] org.hibernate.SQL                        : 
    select
        et1_0.id,
        et1_0.achieved_blending_percentage,
        et1_0.target_blending_percentage,
        et1_0."year" 
    from
        ethanol_targets et1_0
Hibernate: 
    select
        et1_0.id,
        et1_0.achieved_blending_percentage,
        et1_0.target_blending_percentage,
        et1_0."year" 
    from
        ethanol_targets et1_0
]]></system-out>
  </testcase>
</testsuite>